  正在扫描源以查找模块依赖项...
  logger.ixx
  console.ixx
  connector.ixx
  Windows.h
  sstream
  string
  iostream
  iomanip
  chrono
  mutex
  fstream
  chiper.h
  filesystem
  正在编译...
  iostream
  sstream
  chiper.h
  string
  chrono
  fstream
  filesystem
  Windows.h
  mutex
  iomanip
C:\src\vcpkg\installed\x64-windows\include\cryptopp\config_int.h(174,35): warning C5260: 常量变量 "CryptoPP::LWORD_MAX" 在包含的标头文件上下文中具有内部链接，但在导入的标头单元上下文中具有外部链接。如果要跨翻译单元共享它，请考虑将其声明为“内联”; 若要表达将它本地用于此翻译单元的意向，则考虑将其声明为“静态”。
  (编译源文件“chiper.h”)
  
C:\src\vcpkg\installed\x64-windows\include\cryptopp\config_int.h(255,42): warning C5260: 常量变量 "CryptoPP::WORD_SIZE" 在包含的标头文件上下文中具有内部链接，但在导入的标头单元上下文中具有外部链接。如果要跨翻译单元共享它，请考虑将其声明为“内联”; 若要表达将它本地用于此翻译单元的意向，则考虑将其声明为“静态”。
  (编译源文件“chiper.h”)
  
C:\src\vcpkg\installed\x64-windows\include\cryptopp\config_int.h(260,42): warning C5260: 常量变量 "CryptoPP::WORD_BITS" 在包含的标头文件上下文中具有内部链接，但在导入的标头单元上下文中具有外部链接。如果要跨翻译单元共享它，请考虑将其声明为“内联”; 若要表达将它本地用于此翻译单元的意向，则考虑将其声明为“静态”。
  (编译源文件“chiper.h”)
  
C:\src\vcpkg\installed\x64-windows\include\cryptopp\cryptlib.h(135,43): warning C5260: 常量变量 "CryptoPP::INFINITE_TIME" 在包含的标头文件上下文中具有内部链接，但在导入的标头单元上下文中具有外部链接。如果要跨翻译单元共享它，请考虑将其声明为“内联”; 若要表达将它本地用于此翻译单元的意向，则考虑将其声明为“静态”。
  (编译源文件“chiper.h”)
  
  logger.ixx
  connector.ixx
K:\AOA\AOA\connector.ixx(151,6): warning C4311: “类型强制转换”: 从“HINSTANCE”到“int”的指针截断
K:\AOA\AOA\connector.ixx(151,6): warning C4302: “类型强制转换”: 从“HINSTANCE”到“int”截断
K:\AOA\AOA\connector.ixx(152,65): warning C4311: “类型强制转换”: 从“HINSTANCE”到“int”的指针截断
K:\AOA\AOA\connector.ixx(152,65): warning C4302: “类型强制转换”: 从“HINSTANCE”到“int”截断
  console.ixx
K:\AOA\AOA\console.ixx(157,5): warning C4102: “icps”: 未引用的标签
  chiper.cpp
  data.cpp
  game.cpp
  global.cpp
  main.cpp
K:\AOA\AOA\main.cpp(25,1): warning C4102: “start”: 未引用的标签
cryptopp.lib(cryptlib.cpp.obj) : error LNK2038: 检测到“RuntimeLibrary”的不匹配项: 值“MD_DynamicRelease”不匹配值“MT_StaticRelease”(chiper.obj 中)
cryptopp.lib(sha.cpp.obj) : error LNK2038: 检测到“RuntimeLibrary”的不匹配项: 值“MD_DynamicRelease”不匹配值“MT_StaticRelease”(chiper.obj 中)
cryptopp.lib(modes.cpp.obj) : error LNK2038: 检测到“RuntimeLibrary”的不匹配项: 值“MD_DynamicRelease”不匹配值“MT_StaticRelease”(chiper.obj 中)
cryptopp.lib(filters.cpp.obj) : error LNK2038: 检测到“RuntimeLibrary”的不匹配项: 值“MD_DynamicRelease”不匹配值“MT_StaticRelease”(chiper.obj 中)
cryptopp.lib(algparam.cpp.obj) : error LNK2038: 检测到“RuntimeLibrary”的不匹配项: 值“MD_DynamicRelease”不匹配值“MT_StaticRelease”(chiper.obj 中)
cryptopp.lib(osrng.cpp.obj) : error LNK2038: 检测到“RuntimeLibrary”的不匹配项: 值“MD_DynamicRelease”不匹配值“MT_StaticRelease”(chiper.obj 中)
cryptopp.lib(rijndael.cpp.obj) : error LNK2038: 检测到“RuntimeLibrary”的不匹配项: 值“MD_DynamicRelease”不匹配值“MT_StaticRelease”(chiper.obj 中)
cryptopp.lib(allocate.cpp.obj) : error LNK2038: 检测到“RuntimeLibrary”的不匹配项: 值“MD_DynamicRelease”不匹配值“MT_StaticRelease”(chiper.obj 中)
cryptopp.lib(iterhash.cpp.obj) : error LNK2038: 检测到“RuntimeLibrary”的不匹配项: 值“MD_DynamicRelease”不匹配值“MT_StaticRelease”(chiper.obj 中)
cryptopp.lib(integer.cpp.obj) : error LNK2038: 检测到“RuntimeLibrary”的不匹配项: 值“MD_DynamicRelease”不匹配值“MT_StaticRelease”(chiper.obj 中)
cryptopp.lib(randpool.cpp.obj) : error LNK2038: 检测到“RuntimeLibrary”的不匹配项: 值“MD_DynamicRelease”不匹配值“MT_StaticRelease”(chiper.obj 中)
cryptopp.lib(misc.cpp.obj) : error LNK2038: 检测到“RuntimeLibrary”的不匹配项: 值“MD_DynamicRelease”不匹配值“MT_StaticRelease”(chiper.obj 中)
cryptopp.lib(queue.cpp.obj) : error LNK2038: 检测到“RuntimeLibrary”的不匹配项: 值“MD_DynamicRelease”不匹配值“MT_StaticRelease”(chiper.obj 中)
cryptopp.lib(fips140.cpp.obj) : error LNK2038: 检测到“RuntimeLibrary”的不匹配项: 值“MD_DynamicRelease”不匹配值“MT_StaticRelease”(chiper.obj 中)
cryptopp.lib(cpu.cpp.obj) : error LNK2038: 检测到“RuntimeLibrary”的不匹配项: 值“MD_DynamicRelease”不匹配值“MT_StaticRelease”(chiper.obj 中)
cryptopp.lib(sha_simd.cpp.obj) : error LNK2038: 检测到“RuntimeLibrary”的不匹配项: 值“MD_DynamicRelease”不匹配值“MT_StaticRelease”(chiper.obj 中)
cryptopp.lib(mqueue.cpp.obj) : error LNK2038: 检测到“RuntimeLibrary”的不匹配项: 值“MD_DynamicRelease”不匹配值“MT_StaticRelease”(chiper.obj 中)
cryptopp.lib(rijndael_simd.cpp.obj) : error LNK2038: 检测到“RuntimeLibrary”的不匹配项: 值“MD_DynamicRelease”不匹配值“MT_StaticRelease”(chiper.obj 中)
cryptopp.lib(rdtables.cpp.obj) : error LNK2038: 检测到“RuntimeLibrary”的不匹配项: 值“MD_DynamicRelease”不匹配值“MT_StaticRelease”(chiper.obj 中)
cryptopp.lib(dll.cpp.obj) : error LNK2038: 检测到“RuntimeLibrary”的不匹配项: 值“MD_DynamicRelease”不匹配值“MT_StaticRelease”(chiper.obj 中)
cryptopp.lib(nbtheory.cpp.obj) : error LNK2038: 检测到“RuntimeLibrary”的不匹配项: 值“MD_DynamicRelease”不匹配值“MT_StaticRelease”(chiper.obj 中)
cryptopp.lib(asn.cpp.obj) : error LNK2038: 检测到“RuntimeLibrary”的不匹配项: 值“MD_DynamicRelease”不匹配值“MT_StaticRelease”(chiper.obj 中)
cryptopp.lib(pubkey.cpp.obj) : error LNK2038: 检测到“RuntimeLibrary”的不匹配项: 值“MD_DynamicRelease”不匹配值“MT_StaticRelease”(chiper.obj 中)
cryptopp.lib(hrtimer.cpp.obj) : error LNK2038: 检测到“RuntimeLibrary”的不匹配项: 值“MD_DynamicRelease”不匹配值“MT_StaticRelease”(chiper.obj 中)
cryptopp.lib(gfpcrypt.cpp.obj) : error LNK2038: 检测到“RuntimeLibrary”的不匹配项: 值“MD_DynamicRelease”不匹配值“MT_StaticRelease”(chiper.obj 中)
cryptopp.lib(hmac.cpp.obj) : error LNK2038: 检测到“RuntimeLibrary”的不匹配项: 值“MD_DynamicRelease”不匹配值“MT_StaticRelease”(chiper.obj 中)
cryptopp.lib(gf2n.cpp.obj) : error LNK2038: 检测到“RuntimeLibrary”的不匹配项: 值“MD_DynamicRelease”不匹配值“MT_StaticRelease”(chiper.obj 中)
cryptopp.lib(ec2n.cpp.obj) : error LNK2038: 检测到“RuntimeLibrary”的不匹配项: 值“MD_DynamicRelease”不匹配值“MT_StaticRelease”(chiper.obj 中)
cryptopp.lib(ecp.cpp.obj) : error LNK2038: 检测到“RuntimeLibrary”的不匹配项: 值“MD_DynamicRelease”不匹配值“MT_StaticRelease”(chiper.obj 中)
cryptopp.lib(basecode.cpp.obj) : error LNK2038: 检测到“RuntimeLibrary”的不匹配项: 值“MD_DynamicRelease”不匹配值“MT_StaticRelease”(chiper.obj 中)
cryptopp.lib(hex.cpp.obj) : error LNK2038: 检测到“RuntimeLibrary”的不匹配项: 值“MD_DynamicRelease”不匹配值“MT_StaticRelease”(chiper.obj 中)
cryptopp.lib(rng.cpp.obj) : error LNK2038: 检测到“RuntimeLibrary”的不匹配项: 值“MD_DynamicRelease”不匹配值“MT_StaticRelease”(chiper.obj 中)
cryptopp.lib(primetab.cpp.obj) : error LNK2038: 检测到“RuntimeLibrary”的不匹配项: 值“MD_DynamicRelease”不匹配值“MT_StaticRelease”(chiper.obj 中)
cryptopp.lib(gf2n_simd.cpp.obj) : error LNK2038: 检测到“RuntimeLibrary”的不匹配项: 值“MD_DynamicRelease”不匹配值“MT_StaticRelease”(chiper.obj 中)
LINK : warning LNK4098: 默认库“MSVCRT”与其他库的使用冲突；请使用 /NODEFAULTLIB:library
connector.ixx.obj : error LNK2001: 无法解析的外部符号 "bool __cdecl logger(class std::basic_string<char,struct std::char_traits<char>,class std::allocator<char> >,bool,int,bool,class std::basic_string<char,struct std::char_traits<char>,class std::allocator<char> >,class std::basic_string<char,struct std::char_traits<char>,class std::allocator<char> >)" (?logger@@YA_NV?$basic_string@DU?$char_traits@D@std@@V?$allocator@D@2@@std@@_NH100@Z::<!connector>)
    已定义且可能匹配的符号上的提示:
      "bool __cdecl logger(class std::basic_string<char,struct std::char_traits<char>,class std::allocator<char> >,bool,int,bool,class std::basic_string<char,struct std::char_traits<char>,class std::allocator<char> >,class std::basic_string<char,struct std::char_traits<char>,class std::allocator<char> >)" (?logger@@YA_NV?$basic_string@DU?$char_traits@D@std@@V?$allocator@D@2@@std@@_NH_N00@Z::<!logger>)
connector.ixx.obj : error LNK2001: 无法解析的外部符号 "bool LogEXE_Start" (?LogEXE_Start@@3_NA::<!connector>)
    已定义且可能匹配的符号上的提示:
      "bool LogEXE_Start" (?LogEXE_Start@@3_NA)
logger.ixx.obj : error LNK2001: 无法解析的外部符号 "class std::vector<char,class std::allocator<char> > MOR_salt" (?MOR_salt@@3V?$vector@DV?$allocator@D@std@@@std@@A::<!logger>)
    已定义且可能匹配的符号上的提示:
      "class std::vector<char,class std::allocator<char> > MOR_salt" (?MOR_salt@@3V?$vector@DV?$allocator@D@std@@@std@@A)
cryptopp.lib(allocate.cpp.obj) : error LNK2001: 无法解析的外部符号 __imp__aligned_free
cryptopp.lib(allocate.cpp.obj) : error LNK2001: 无法解析的外部符号 __imp__aligned_malloc
cryptopp.lib(randpool.cpp.obj) : error LNK2001: 无法解析的外部符号 __imp__time64
cryptopp.lib(rng.cpp.obj) : error LNK2001: 无法解析的外部符号 __imp__time64
cryptopp.lib(hrtimer.cpp.obj) : error LNK2001: 无法解析的外部符号 __imp_clock
cryptopp.lib(rng.cpp.obj) : error LNK2001: 无法解析的外部符号 __imp_clock
K:\AOA\AOA\x64\Release\AOA.exe : fatal error LNK1120: 7 个无法解析的外部命令
